{"ts":"2026-01-23T13:58:28.894Z","action":"CREATE","docId":"6bd66d85-4d2c-4192-a28f-d6c01f412f85","clientRef":"CLI-5861","docType":"ADDRESS_PROOF","status":"VALIDATED"}
{"ts":"2026-01-23T13:58:28.904Z","action":"STATUS_CHANGE","docId":"6bd66d85-4d2c-4192-a28f-d6c01f412f85","from":"RECEIVED","to":"VALIDATED","reason":null}
{"ts":"2026-01-23T13:58:42.301Z","action":"CONTENT_READ","docId":"6bd66d85-4d2c-4192-a28f-d6c01f412f85"}
{"ts":"2026-01-23T13:59:16.602Z","action":"STATUS_CHANGE","docId":"6bd66d85-4d2c-4192-a28f-d6c01f412f85","from":"VALIDATED","to":"REJECTED","reason":"invalid"}
{"ts":"2026-01-23T13:59:29.940Z","action":"DELETE","docId":"6bd66d85-4d2c-4192-a28f-d6c01f412f85","reason":"to be deleted"}
{"ts":"2026-01-23T13:59:29.954Z","action":"STATUS_CHANGE","docId":"6bd66d85-4d2c-4192-a28f-d6c01f412f85","from":"REJECTED","to":"REJECTED","reason":"to be deleted"}
{"ts":"2026-01-23T13:59:35.547Z","action":"DELETE","docId":"6bd66d85-4d2c-4192-a28f-d6c01f412f85","reason":"to be deleted"}
{"ts":"2026-01-23T13:59:35.562Z","action":"STATUS_CHANGE","docId":"6bd66d85-4d2c-4192-a28f-d6c01f412f85","from":"REJECTED","to":"REJECTED","reason":"to be deleted"}
{"ts":"2026-01-23T14:01:09.630Z","action":"EXPORT_GENERATED","filename":"export-20260123-090109.json","summary":{"date":"2026-01-23","total":1,"byStatus":{"REJECTED":1},"byDocType":{"ADDRESS_PROOF":1}}}
{"ts":"2026-01-23T14:02:18.627Z","action":"CONTENT_REPLACED","docId":"6bd66d85-4d2c-4192-a28f-d6c01f412f85"}
{"ts":"2026-01-23T14:02:18.641Z","action":"UPDATE","docId":"6bd66d85-4d2c-4192-a28f-d6c01f412f85"}
{"ts":"2026-01-23T14:02:28.552Z","action":"CONTENT_READ","docId":"6bd66d85-4d2c-4192-a28f-d6c01f412f85"}
{"ts":"2026-01-23T14:02:43.148Z","action":"CONTENT_REPLACED","docId":"6bd66d85-4d2c-4192-a28f-d6c01f412f85"}
{"ts":"2026-01-23T14:02:43.162Z","action":"UPDATE","docId":"6bd66d85-4d2c-4192-a28f-d6c01f412f85"}
{"ts":"2026-01-23T14:02:48.213Z","action":"CONTENT_READ","docId":"6bd66d85-4d2c-4192-a28f-d6c01f412f85"}
{"ts":"2026-01-23T14:05:09.895Z","action":"CONTENT_REPLACED","docId":"6bd66d85-4d2c-4192-a28f-d6c01f412f85"}
{"ts":"2026-01-23T14:05:09.908Z","action":"UPDATE","docId":"6bd66d85-4d2c-4192-a28f-d6c01f412f85"}
{"ts":"2026-01-23T14:08:46.369Z","action":"CONTENT_REPLACED","docId":"6bd66d85-4d2c-4192-a28f-d6c01f412f85"}
{"ts":"2026-01-23T14:08:46.387Z","action":"UPDATE","docId":"6bd66d85-4d2c-4192-a28f-d6c01f412f85"}
{"ts":"2026-01-23T14:09:04.011Z","action":"DELETE","docId":"6bd66d85-4d2c-4192-a28f-d6c01f412f85","reason":"to be deleted"}
{"ts":"2026-01-23T14:09:04.023Z","action":"STATUS_CHANGE","docId":"6bd66d85-4d2c-4192-a28f-d6c01f412f85","from":"REJECTED","to":"REJECTED","reason":"to be deleted"}
{"ts":"2026-01-23T14:24:32.060Z","action":"DELETE","docId":"6bd66d85-4d2c-4192-a28f-d6c01f412f85","reason":"to be deleted"}
{"ts":"2026-01-23T14:24:32.077Z","action":"STATUS_CHANGE","docId":"6bd66d85-4d2c-4192-a28f-d6c01f412f85","from":"REJECTED","to":"REJECTED","reason":"to be deleted"}
{"ts":"2026-01-23T14:24:55.881Z","action":"CREATE","docId":"1f3f3b2e-ffb5-47b9-8bf3-9920ef8c8be7","clientRef":"CLI-7924","docType":"SIGNED_FORM","status":"VALIDATED"}
{"ts":"2026-01-23T14:24:55.888Z","action":"STATUS_CHANGE","docId":"1f3f3b2e-ffb5-47b9-8bf3-9920ef8c8be7","from":"RECEIVED","to":"VALIDATED","reason":null}
